<?xml version="1.0" encoding="UTF-8"?>
<!-- Generated by org.testng.reporters.JUnitXMLReporter -->
<testsuite hostname="Oladele" ignored="0" name="Edge Tests" tests="1" failures="0" timestamp="2021-08-05T14:50:51 BST" time="3.831" errors="0">
  <testcase name="@BeforeClass setup" time="2.352" classname="testCases.BaseClass">
    <failure type="java.lang.NullPointerException">
      <![CDATA[java.lang.NullPointerException
at testCases.BaseClass.setup(BaseClass.java:55)
at java.util.ArrayList.forEach(ArrayList.java:1257)
... Removed 25 stack frames]]>
    </failure>
  </testcase> <!-- @BeforeClass setup -->
  <testcase name="@AfterClass Teardown" time="-1.628171451093E9" classname="testCases.BaseClass">
    <skipped/>
  </testcase> <!-- @AfterClass Teardown -->
  <testcase name="TC_001_Account_Registration" time="0.0" classname="testCases.TC_001_Registration">
    <skipped/>
  </testcase> <!-- TC_001_Account_Registration -->
</testsuite> <!-- Edge Tests -->
