<?xml version="1.0" encoding="UTF-8"?>
<!-- Generated by org.testng.reporters.JUnitXMLReporter -->
<testsuite hostname="Oladele" ignored="0" name="safari Test" tests="2" failures="0" timestamp="2021-08-14T15:00:01 BST" time="2.586" errors="0">
  <testcase name="@BeforeClass setup" time="2.35" classname="testCases.BaseClass">
    <failure type="java.lang.NullPointerException">
      <![CDATA[java.lang.NullPointerException
at testCases.BaseClass.setup(BaseClass.java:55)
at java.util.ArrayList.forEach(ArrayList.java:1257)
at java.util.concurrent.FutureTask.run(FutureTask.java:266)
at java.util.concurrent.ThreadPoolExecutor.runWorker(ThreadPoolExecutor.java:1149)
at java.util.concurrent.ThreadPoolExecutor$Worker.run(ThreadPoolExecutor.java:624)
at java.lang.Thread.run(Thread.java:748)
... Removed 16 stack frames]]>
    </failure>
  </testcase> <!-- @BeforeClass setup -->
  <testcase name="@AfterClass Teardown" time="-1.628949600961E9" classname="testCases.BaseClass">
    <skipped/>
  </testcase> <!-- @AfterClass Teardown -->
  <testcase name="@BeforeClass setup" time="0.002" classname="testCases.BaseClass">
    <failure type="java.lang.NullPointerException">
      <![CDATA[java.lang.NullPointerException
at testCases.BaseClass.setup(BaseClass.java:55)
at java.util.ArrayList.forEach(ArrayList.java:1257)
at java.util.concurrent.FutureTask.run(FutureTask.java:266)
at java.util.concurrent.ThreadPoolExecutor.runWorker(ThreadPoolExecutor.java:1149)
at java.util.concurrent.ThreadPoolExecutor$Worker.run(ThreadPoolExecutor.java:624)
at java.lang.Thread.run(Thread.java:748)
... Removed 16 stack frames]]>
    </failure>
  </testcase> <!-- @BeforeClass setup -->
  <testcase name="@AfterClass Teardown" time="-1.628949601002E9" classname="testCases.BaseClass">
    <skipped/>
  </testcase> <!-- @AfterClass Teardown -->
  <testcase name="TC_001_Account_Registration" time="0.0" classname="testCases.TC_001_Registration">
    <skipped/>
  </testcase> <!-- TC_001_Account_Registration -->
  <testcase name="test_Login" time="0.0" classname="testCases.TC_002_LoginPage">
    <skipped/>
  </testcase> <!-- test_Login -->
</testsuite> <!-- safari Test -->
